<?xml version="1.0" encoding="UTF-8"?>
<!-- Generated by org.testng.reporters.JUnitReportReporter -->
<testsuite hostname="Ujjvals-MacBook-Pro.local" failures="0" tests="4" name="com.qa.opencart.test.AccountPageTest" time="0.332" errors="0" timestamp="17 Apr. 2022 02:50:33 GMT" skipped="0">
  <testcase classname="com.qa.opencart.test.AccountPageTest" name="accSectionTest" time="0.206"/>
  <testcase classname="com.qa.opencart.test.AccountPageTest" name="headerIsExit" time="0.067"/>
  <testcase classname="com.qa.opencart.test.AccountPageTest" name="serchbarTest" time="0.043"/>
  <testcase classname="com.qa.opencart.test.AccountPageTest" name="accPageTitleTest" time="0.016"/>
</testsuite> <!-- com.qa.opencart.test.AccountPageTest -->
