<?xml version="1.0" encoding="UTF-8"?>
<!-- Generated by org.testng.reporters.JUnitReportReporter -->
<testsuite hostname="Ujjvals-MacBook-Pro.local" failures="0" tests="4" name="com.qa.opencart.test.AccountPageTest" time="0.074" errors="0" timestamp="08 Apr. 2022 13:28:49 GMT" skipped="0">
  <testcase classname="com.qa.opencart.test.AccountPageTest" name="headerIsExit" time="0.015"/>
  <testcase classname="com.qa.opencart.test.AccountPageTest" name="accPageTitleTest" time="0.003"/>
  <testcase classname="com.qa.opencart.test.AccountPageTest" name="accSectionTest" time="0.043"/>
  <testcase classname="com.qa.opencart.test.AccountPageTest" name="serchbarTest" time="0.013"/>
</testsuite> <!-- com.qa.opencart.test.AccountPageTest -->
